<?xml version="1.0" encoding="UTF-8"?>
<!-- Generated by org.testng.reporters.JUnitReportReporter -->
<testsuite ignored="0" hostname="DESKTOP-0HHSOV2" failures="0" tests="1" name="searchDirectory.SearchDirectory" time="10.648" errors="0" timestamp="09 dic. 2020 03:02:37 GMT" skipped="0">
  <testcase classname="searchDirectory.SearchDirectory" name="SearchDirectory" time="10.648"/>
</testsuite> <!-- searchDirectory.SearchDirectory -->
